<?xml version="1.0" encoding="UTF-8"?>
<!-- Generated by org.testng.reporters.JUnitReportReporter -->
<testsuite hostname="DESKTOP-1I78L95" failures="0" tests="2" name="com.qa.fb.keyword.login.LoginTest" time="16.572" errors="0" timestamp="11 Aug 2022 19:45:19 GMT" skipped="0">
  <testcase classname="com.qa.fb.keyword.login.LoginTest" name="loginTest" time="0.461"/>
  <testcase classname="com.qa.fb.keyword.login.LoginTest" name="signUpTest" time="16.111"/>
</testsuite> <!-- com.qa.fb.keyword.login.LoginTest -->
